<?xml version="1.0" encoding="UTF-8"?>
<testsuite xmlns:xsi="http://www.w3.org/2001/XMLSchema-instance" xsi:noNamespaceSchemaLocation="https://maven.apache.org/surefire/maven-surefire-plugin/xsd/surefire-test-report-3.0.xsd" version="3.0" name="com.iut.banque.test.modele.UserTest" time="0.635" tests="3" errors="0" skipped="0" failures="0">
  <properties>
    <property name="java.specification.version" value="21"/>
    <property name="sun.jnu.encoding" value="UTF-8"/>
    <property name="java.class.path" value="/Users/mamadoudioulde/Documents/QualiteDev/QUALITEDEVS5/_00_ASBank2018/target/test-classes:/Users/mamadoudioulde/Documents/QualiteDev/QUALITEDEVS5/_00_ASBank2018/target/classes:/Users/mamadoudioulde/.m2/repository/org/hibernate/hibernate-core/5.3.20.Final/hibernate-core-5.3.20.Final.jar:/Users/mamadoudioulde/.m2/repository/org/jboss/logging/jboss-logging/3.3.2.Final/jboss-logging-3.3.2.Final.jar:/Users/mamadoudioulde/.m2/repository/javax/persistence/javax.persistence-api/2.2/javax.persistence-api-2.2.jar:/Users/mamadoudioulde/.m2/repository/org/javassist/javassist/3.23.2-GA/javassist-3.23.2-GA.jar:/Users/mamadoudioulde/.m2/repository/net/bytebuddy/byte-buddy/1.9.11/byte-buddy-1.9.11.jar:/Users/mamadoudioulde/.m2/repository/antlr/antlr/2.7.7/antlr-2.7.7.jar:/Users/mamadoudioulde/.m2/repository/org/jboss/spec/javax/transaction/jboss-transaction-api_1.2_spec/1.1.1.Final/jboss-transaction-api_1.2_spec-1.1.1.Final.jar:/Users/mamadoudioulde/.m2/repository/org/jboss/jandex/2.0.5.Final/jandex-2.0.5.Final.jar:/Users/mamadoudioulde/.m2/repository/com/fasterxml/classmate/1.3.4/classmate-1.3.4.jar:/Users/mamadoudioulde/.m2/repository/javax/activation/javax.activation-api/1.2.0/javax.activation-api-1.2.0.jar:/Users/mamadoudioulde/.m2/repository/org/dom4j/dom4j/2.1.3/dom4j-2.1.3.jar:/Users/mamadoudioulde/.m2/repository/org/hibernate/common/hibernate-commons-annotations/5.0.4.Final/hibernate-commons-annotations-5.0.4.Final.jar:/Users/mamadoudioulde/.m2/repository/org/glassfish/jaxb/jaxb-runtime/2.3.1/jaxb-runtime-2.3.1.jar:/Users/mamadoudioulde/.m2/repository/org/glassfish/jaxb/txw2/2.3.1/txw2-2.3.1.jar:/Users/mamadoudioulde/.m2/repository/com/sun/istack/istack-commons-runtime/3.0.7/istack-commons-runtime-3.0.7.jar:/Users/mamadoudioulde/.m2/repository/org/jvnet/staxex/stax-ex/1.8/stax-ex-1.8.jar:/Users/mamadoudioulde/.m2/repository/com/sun/xml/fastinfoset/FastInfoset/1.2.15/FastInfoset-1.2.15.jar:/Users/mamadoudioulde/.m2/repository/com/mysql/mysql-connector-j/8.0.33/mysql-connector-j-8.0.33.jar:/Users/mamadoudioulde/.m2/repository/com/google/protobuf/protobuf-java/3.21.9/protobuf-java-3.21.9.jar:/Users/mamadoudioulde/.m2/repository/org/springframework/spring-context/4.2.6.RELEASE/spring-context-4.2.6.RELEASE.jar:/Users/mamadoudioulde/.m2/repository/org/springframework/spring-aop/4.2.6.RELEASE/spring-aop-4.2.6.RELEASE.jar:/Users/mamadoudioulde/.m2/repository/aopalliance/aopalliance/1.0/aopalliance-1.0.jar:/Users/mamadoudioulde/.m2/repository/org/springframework/spring-beans/4.2.6.RELEASE/spring-beans-4.2.6.RELEASE.jar:/Users/mamadoudioulde/.m2/repository/org/springframework/spring-core/4.2.6.RELEASE/spring-core-4.2.6.RELEASE.jar:/Users/mamadoudioulde/.m2/repository/commons-logging/commons-logging/1.2/commons-logging-1.2.jar:/Users/mamadoudioulde/.m2/repository/org/springframework/spring-expression/4.2.6.RELEASE/spring-expression-4.2.6.RELEASE.jar:/Users/mamadoudioulde/.m2/repository/org/springframework/spring-orm/4.2.6.RELEASE/spring-orm-4.2.6.RELEASE.jar:/Users/mamadoudioulde/.m2/repository/org/springframework/spring-jdbc/4.2.6.RELEASE/spring-jdbc-4.2.6.RELEASE.jar:/Users/mamadoudioulde/.m2/repository/org/springframework/spring-tx/4.2.6.RELEASE/spring-tx-4.2.6.RELEASE.jar:/Users/mamadoudioulde/.m2/repository/org/springframework/spring-web/4.2.6.RELEASE/spring-web-4.2.6.RELEASE.jar:/Users/mamadoudioulde/.m2/repository/org/springframework/spring-test/4.2.6.RELEASE/spring-test-4.2.6.RELEASE.jar:/Users/mamadoudioulde/.m2/repository/org/apache/struts/struts2-core/2.3.37/struts2-core-2.3.37.jar:/Users/mamadoudioulde/.m2/repository/org/apache/struts/xwork/xwork-core/2.3.37/xwork-core-2.3.37.jar:/Users/mamadoudioulde/.m2/repository/org/apache/commons/commons-lang3/3.2/commons-lang3-3.2.jar:/Users/mamadoudioulde/.m2/repository/asm/asm/3.3/asm-3.3.jar:/Users/mamadoudioulde/.m2/repository/asm/asm-commons/3.3/asm-commons-3.3.jar:/Users/mamadoudioulde/.m2/repository/asm/asm-tree/3.3/asm-tree-3.3.jar:/Users/mamadoudioulde/.m2/repository/org/freemarker/freemarker/2.3.28/freemarker-2.3.28.jar:/Users/mamadoudioulde/.m2/repository/ognl/ognl/3.0.21/ognl-3.0.21.jar:/Users/mamadoudioulde/.m2/repository/javassist/javassist/3.11.0.GA/javassist-3.11.0.GA.jar:/Users/mamadoudioulde/.m2/repository/commons-fileupload/commons-fileupload/1.4/commons-fileupload-1.4.jar:/Users/mamadoudioulde/.m2/repository/commons-io/commons-io/2.2/commons-io-2.2.jar:/Users/mamadoudioulde/.m2/repository/junit/junit/4.13.1/junit-4.13.1.jar:/Users/mamadoudioulde/.m2/repository/org/hamcrest/hamcrest-core/1.3/hamcrest-core-1.3.jar:/Users/mamadoudioulde/.m2/repository/commons-pool/commons-pool/1.6/commons-pool-1.6.jar:/Users/mamadoudioulde/.m2/repository/commons-dbcp/commons-dbcp/1.2.2/commons-dbcp-1.2.2.jar:/Users/mamadoudioulde/.m2/repository/com/google/gwt/gwt-servlet/2.7.0/gwt-servlet-2.7.0.jar:/Users/mamadoudioulde/.m2/repository/com/sencha/gxt/gxt/3.0.1/gxt-3.0.1.jar:/Users/mamadoudioulde/.m2/repository/javax/validation/validation-api/1.0.0.GA/validation-api-1.0.0.GA.jar:/Users/mamadoudioulde/.m2/repository/javax/validation/validation-api/1.0.0.GA/validation-api-1.0.0.GA-sources.jar:/Users/mamadoudioulde/.m2/repository/org/json/json/20090211/json-20090211.jar:/Users/mamadoudioulde/.m2/repository/javax/servlet/javax.servlet-api/3.1.0/javax.servlet-api-3.1.0.jar:/Users/mamadoudioulde/.m2/repository/javax/xml/bind/jaxb-api/2.2.11/jaxb-api-2.2.11.jar:/Users/mamadoudioulde/.m2/repository/com/sun/xml/bind/jaxb-core/2.2.11/jaxb-core-2.2.11.jar:/Users/mamadoudioulde/.m2/repository/com/sun/xml/bind/jaxb-impl/2.2.11/jaxb-impl-2.2.11.jar:/Users/mamadoudioulde/.m2/repository/javax/activation/activation/1.1.1/activation-1.1.1.jar:/Users/mamadoudioulde/.m2/repository/org/springframework/security/spring-security-crypto/6.2.0/spring-security-crypto-6.2.0.jar:/Users/mamadoudioulde/.m2/repository/org/junit/jupiter/junit-jupiter/5.10.1/junit-jupiter-5.10.1.jar:/Users/mamadoudioulde/.m2/repository/org/junit/jupiter/junit-jupiter-params/5.10.1/junit-jupiter-params-5.10.1.jar:/Users/mamadoudioulde/.m2/repository/org/junit/jupiter/junit-jupiter-engine/5.10.1/junit-jupiter-engine-5.10.1.jar:/Users/mamadoudioulde/.m2/repository/org/junit/platform/junit-platform-engine/1.10.1/junit-platform-engine-1.10.1.jar:/Users/mamadoudioulde/.m2/repository/org/junit/jupiter/junit-jupiter-api/5.10.1/junit-jupiter-api-5.10.1.jar:/Users/mamadoudioulde/.m2/repository/org/opentest4j/opentest4j/1.3.0/opentest4j-1.3.0.jar:/Users/mamadoudioulde/.m2/repository/org/junit/platform/junit-platform-commons/1.10.1/junit-platform-commons-1.10.1.jar:/Users/mamadoudioulde/.m2/repository/org/apiguardian/apiguardian-api/1.1.2/apiguardian-api-1.1.2.jar:/Users/mamadoudioulde/.m2/repository/org/slf4j/slf4j-api/2.0.7/slf4j-api-2.0.7.jar:"/>
    <property name="java.vm.vendor" value="Homebrew"/>
    <property name="sun.arch.data.model" value="64"/>
    <property name="java.vendor.url" value="https://github.com/Homebrew/homebrew-core/issues"/>
    <property name="os.name" value="Mac OS X"/>
    <property name="java.vm.specification.version" value="21"/>
    <property name="sun.java.launcher" value="SUN_STANDARD"/>
    <property name="user.country" value="FR"/>
    <property name="sun.boot.library.path" value="/opt/homebrew/Cellar/openjdk/21.0.1/libexec/openjdk.jdk/Contents/Home/lib"/>
    <property name="sun.java.command" value="/Users/mamadoudioulde/Documents/QualiteDev/QUALITEDEVS5/_00_ASBank2018/target/surefire/surefirebooter-20240125190611706_3.jar /Users/mamadoudioulde/Documents/QualiteDev/QUALITEDEVS5/_00_ASBank2018/target/surefire 2024-01-25T19-06-11_387-jvmRun1 surefire-20240125190611706_1tmp surefire_0-20240125190611706_2tmp"/>
    <property name="http.nonProxyHosts" value="local|*.local|169.254/16|*.169.254/16"/>
    <property name="jdk.debug" value="release"/>
    <property name="surefire.test.class.path" value="/Users/mamadoudioulde/Documents/QualiteDev/QUALITEDEVS5/_00_ASBank2018/target/test-classes:/Users/mamadoudioulde/Documents/QualiteDev/QUALITEDEVS5/_00_ASBank2018/target/classes:/Users/mamadoudioulde/.m2/repository/org/hibernate/hibernate-core/5.3.20.Final/hibernate-core-5.3.20.Final.jar:/Users/mamadoudioulde/.m2/repository/org/jboss/logging/jboss-logging/3.3.2.Final/jboss-logging-3.3.2.Final.jar:/Users/mamadoudioulde/.m2/repository/javax/persistence/javax.persistence-api/2.2/javax.persistence-api-2.2.jar:/Users/mamadoudioulde/.m2/repository/org/javassist/javassist/3.23.2-GA/javassist-3.23.2-GA.jar:/Users/mamadoudioulde/.m2/repository/net/bytebuddy/byte-buddy/1.9.11/byte-buddy-1.9.11.jar:/Users/mamadoudioulde/.m2/repository/antlr/antlr/2.7.7/antlr-2.7.7.jar:/Users/mamadoudioulde/.m2/repository/org/jboss/spec/javax/transaction/jboss-transaction-api_1.2_spec/1.1.1.Final/jboss-transaction-api_1.2_spec-1.1.1.Final.jar:/Users/mamadoudioulde/.m2/repository/org/jboss/jandex/2.0.5.Final/jandex-2.0.5.Final.jar:/Users/mamadoudioulde/.m2/repository/com/fasterxml/classmate/1.3.4/classmate-1.3.4.jar:/Users/mamadoudioulde/.m2/repository/javax/activation/javax.activation-api/1.2.0/javax.activation-api-1.2.0.jar:/Users/mamadoudioulde/.m2/repository/org/dom4j/dom4j/2.1.3/dom4j-2.1.3.jar:/Users/mamadoudioulde/.m2/repository/org/hibernate/common/hibernate-commons-annotations/5.0.4.Final/hibernate-commons-annotations-5.0.4.Final.jar:/Users/mamadoudioulde/.m2/repository/org/glassfish/jaxb/jaxb-runtime/2.3.1/jaxb-runtime-2.3.1.jar:/Users/mamadoudioulde/.m2/repository/org/glassfish/jaxb/txw2/2.3.1/txw2-2.3.1.jar:/Users/mamadoudioulde/.m2/repository/com/sun/istack/istack-commons-runtime/3.0.7/istack-commons-runtime-3.0.7.jar:/Users/mamadoudioulde/.m2/repository/org/jvnet/staxex/stax-ex/1.8/stax-ex-1.8.jar:/Users/mamadoudioulde/.m2/repository/com/sun/xml/fastinfoset/FastInfoset/1.2.15/FastInfoset-1.2.15.jar:/Users/mamadoudioulde/.m2/repository/com/mysql/mysql-connector-j/8.0.33/mysql-connector-j-8.0.33.jar:/Users/mamadoudioulde/.m2/repository/com/google/protobuf/protobuf-java/3.21.9/protobuf-java-3.21.9.jar:/Users/mamadoudioulde/.m2/repository/org/springframework/spring-context/4.2.6.RELEASE/spring-context-4.2.6.RELEASE.jar:/Users/mamadoudioulde/.m2/repository/org/springframework/spring-aop/4.2.6.RELEASE/spring-aop-4.2.6.RELEASE.jar:/Users/mamadoudioulde/.m2/repository/aopalliance/aopalliance/1.0/aopalliance-1.0.jar:/Users/mamadoudioulde/.m2/repository/org/springframework/spring-beans/4.2.6.RELEASE/spring-beans-4.2.6.RELEASE.jar:/Users/mamadoudioulde/.m2/repository/org/springframework/spring-core/4.2.6.RELEASE/spring-core-4.2.6.RELEASE.jar:/Users/mamadoudioulde/.m2/repository/commons-logging/commons-logging/1.2/commons-logging-1.2.jar:/Users/mamadoudioulde/.m2/repository/org/springframework/spring-expression/4.2.6.RELEASE/spring-expression-4.2.6.RELEASE.jar:/Users/mamadoudioulde/.m2/repository/org/springframework/spring-orm/4.2.6.RELEASE/spring-orm-4.2.6.RELEASE.jar:/Users/mamadoudioulde/.m2/repository/org/springframework/spring-jdbc/4.2.6.RELEASE/spring-jdbc-4.2.6.RELEASE.jar:/Users/mamadoudioulde/.m2/repository/org/springframework/spring-tx/4.2.6.RELEASE/spring-tx-4.2.6.RELEASE.jar:/Users/mamadoudioulde/.m2/repository/org/springframework/spring-web/4.2.6.RELEASE/spring-web-4.2.6.RELEASE.jar:/Users/mamadoudioulde/.m2/repository/org/springframework/spring-test/4.2.6.RELEASE/spring-test-4.2.6.RELEASE.jar:/Users/mamadoudioulde/.m2/repository/org/apache/struts/struts2-core/2.3.37/struts2-core-2.3.37.jar:/Users/mamadoudioulde/.m2/repository/org/apache/struts/xwork/xwork-core/2.3.37/xwork-core-2.3.37.jar:/Users/mamadoudioulde/.m2/repository/org/apache/commons/commons-lang3/3.2/commons-lang3-3.2.jar:/Users/mamadoudioulde/.m2/repository/asm/asm/3.3/asm-3.3.jar:/Users/mamadoudioulde/.m2/repository/asm/asm-commons/3.3/asm-commons-3.3.jar:/Users/mamadoudioulde/.m2/repository/asm/asm-tree/3.3/asm-tree-3.3.jar:/Users/mamadoudioulde/.m2/repository/org/freemarker/freemarker/2.3.28/freemarker-2.3.28.jar:/Users/mamadoudioulde/.m2/repository/ognl/ognl/3.0.21/ognl-3.0.21.jar:/Users/mamadoudioulde/.m2/repository/javassist/javassist/3.11.0.GA/javassist-3.11.0.GA.jar:/Users/mamadoudioulde/.m2/repository/commons-fileupload/commons-fileupload/1.4/commons-fileupload-1.4.jar:/Users/mamadoudioulde/.m2/repository/commons-io/commons-io/2.2/commons-io-2.2.jar:/Users/mamadoudioulde/.m2/repository/junit/junit/4.13.1/junit-4.13.1.jar:/Users/mamadoudioulde/.m2/repository/org/hamcrest/hamcrest-core/1.3/hamcrest-core-1.3.jar:/Users/mamadoudioulde/.m2/repository/commons-pool/commons-pool/1.6/commons-pool-1.6.jar:/Users/mamadoudioulde/.m2/repository/commons-dbcp/commons-dbcp/1.2.2/commons-dbcp-1.2.2.jar:/Users/mamadoudioulde/.m2/repository/com/google/gwt/gwt-servlet/2.7.0/gwt-servlet-2.7.0.jar:/Users/mamadoudioulde/.m2/repository/com/sencha/gxt/gxt/3.0.1/gxt-3.0.1.jar:/Users/mamadoudioulde/.m2/repository/javax/validation/validation-api/1.0.0.GA/validation-api-1.0.0.GA.jar:/Users/mamadoudioulde/.m2/repository/javax/validation/validation-api/1.0.0.GA/validation-api-1.0.0.GA-sources.jar:/Users/mamadoudioulde/.m2/repository/org/json/json/20090211/json-20090211.jar:/Users/mamadoudioulde/.m2/repository/javax/servlet/javax.servlet-api/3.1.0/javax.servlet-api-3.1.0.jar:/Users/mamadoudioulde/.m2/repository/javax/xml/bind/jaxb-api/2.2.11/jaxb-api-2.2.11.jar:/Users/mamadoudioulde/.m2/repository/com/sun/xml/bind/jaxb-core/2.2.11/jaxb-core-2.2.11.jar:/Users/mamadoudioulde/.m2/repository/com/sun/xml/bind/jaxb-impl/2.2.11/jaxb-impl-2.2.11.jar:/Users/mamadoudioulde/.m2/repository/javax/activation/activation/1.1.1/activation-1.1.1.jar:/Users/mamadoudioulde/.m2/repository/org/springframework/security/spring-security-crypto/6.2.0/spring-security-crypto-6.2.0.jar:/Users/mamadoudioulde/.m2/repository/org/junit/jupiter/junit-jupiter/5.10.1/junit-jupiter-5.10.1.jar:/Users/mamadoudioulde/.m2/repository/org/junit/jupiter/junit-jupiter-params/5.10.1/junit-jupiter-params-5.10.1.jar:/Users/mamadoudioulde/.m2/repository/org/junit/jupiter/junit-jupiter-engine/5.10.1/junit-jupiter-engine-5.10.1.jar:/Users/mamadoudioulde/.m2/repository/org/junit/platform/junit-platform-engine/1.10.1/junit-platform-engine-1.10.1.jar:/Users/mamadoudioulde/.m2/repository/org/junit/jupiter/junit-jupiter-api/5.10.1/junit-jupiter-api-5.10.1.jar:/Users/mamadoudioulde/.m2/repository/org/opentest4j/opentest4j/1.3.0/opentest4j-1.3.0.jar:/Users/mamadoudioulde/.m2/repository/org/junit/platform/junit-platform-commons/1.10.1/junit-platform-commons-1.10.1.jar:/Users/mamadoudioulde/.m2/repository/org/apiguardian/apiguardian-api/1.1.2/apiguardian-api-1.1.2.jar:/Users/mamadoudioulde/.m2/repository/org/slf4j/slf4j-api/2.0.7/slf4j-api-2.0.7.jar:"/>
    <property name="sun.cpu.endian" value="little"/>
    <property name="user.home" value="/Users/mamadoudioulde"/>
    <property name="user.language" value="fr"/>
    <property name="java.specification.vendor" value="Oracle Corporation"/>
    <property name="java.version.date" value="2023-10-17"/>
    <property name="java.home" value="/opt/homebrew/Cellar/openjdk/21.0.1/libexec/openjdk.jdk/Contents/Home"/>
    <property name="file.separator" value="/"/>
    <property name="basedir" value="/Users/mamadoudioulde/Documents/QualiteDev/QUALITEDEVS5/_00_ASBank2018"/>
    <property name="java.vm.compressedOopsMode" value="Zero based"/>
    <property name="line.separator" value="&#10;"/>
    <property name="java.vm.specification.vendor" value="Oracle Corporation"/>
    <property name="java.specification.name" value="Java Platform API Specification"/>
    <property name="apple.awt.application.name" value="ForkedBooter"/>
    <property name="surefire.real.class.path" value="/Users/mamadoudioulde/Documents/QualiteDev/QUALITEDEVS5/_00_ASBank2018/target/surefire/surefirebooter-20240125190611706_3.jar"/>
    <property name="sun.management.compiler" value="HotSpot 64-Bit Tiered Compilers"/>
    <property name="ftp.nonProxyHosts" value="local|*.local|169.254/16|*.169.254/16"/>
    <property name="java.runtime.version" value="21.0.1"/>
    <property name="user.name" value="mamadoudioulde"/>
    <property name="stdout.encoding" value="UTF-8"/>
    <property name="path.separator" value=":"/>
    <property name="os.version" value="13.3.1"/>
    <property name="java.runtime.name" value="OpenJDK Runtime Environment"/>
    <property name="file.encoding" value="UTF-8"/>
    <property name="java.vm.name" value="OpenJDK 64-Bit Server VM"/>
    <property name="java.vendor.version" value="Homebrew"/>
    <property name="localRepository" value="/Users/mamadoudioulde/.m2/repository"/>
    <property name="java.vendor.url.bug" value="https://github.com/Homebrew/homebrew-core/issues"/>
    <property name="java.io.tmpdir" value="/var/folders/9t/7qn5vxzs6j728rph1lbxfd0c0000gn/T/"/>
    <property name="java.version" value="21.0.1"/>
    <property name="user.dir" value="/Users/mamadoudioulde/Documents/QualiteDev/QUALITEDEVS5/_00_ASBank2018"/>
    <property name="os.arch" value="aarch64"/>
    <property name="java.vm.specification.name" value="Java Virtual Machine Specification"/>
    <property name="native.encoding" value="UTF-8"/>
    <property name="java.library.path" value="/Users/mamadoudioulde/Library/Java/Extensions:/Library/Java/Extensions:/Network/Library/Java/Extensions:/System/Library/Java/Extensions:/usr/lib/java:."/>
    <property name="java.vm.info" value="mixed mode, sharing"/>
    <property name="stderr.encoding" value="UTF-8"/>
    <property name="java.vendor" value="Homebrew"/>
    <property name="java.vm.version" value="21.0.1"/>
    <property name="sun.io.unicode.encoding" value="UnicodeBig"/>
    <property name="socksNonProxyHosts" value="local|*.local|169.254/16|*.169.254/16"/>
    <property name="java.class.version" value="65.0"/>
  </properties>
  <testcase name="checkPassword_ShouldReturnTrueForCorrectPassword" classname="com.iut.banque.test.modele.UserTest" time="0.256"/>
  <testcase name="checkPassword_ShouldReturnFalseForIncorrectPassword" classname="com.iut.banque.test.modele.UserTest" time="0.176"/>
  <testcase name="setUserPwd_ShouldHashPassword" classname="com.iut.banque.test.modele.UserTest" time="0.186"/>
</testsuite>